<?xml version="1.0" encoding="UTF-8"?>
<testsuite xmlns:xsi="http://www.w3.org/2001/XMLSchema-instance" xsi:noNamespaceSchemaLocation="https://maven.apache.org/surefire/maven-surefire-plugin/xsd/surefire-test-report.xsd" name="es.avalon.test.JPABasicoTest" time="1.106" tests="9" errors="7" skipped="0" failures="0">
  <properties>
[...]
</properties>
  <testcase name="testJPAORdenadoPorEdad" classname="es.avalon.test.JPABasicoTest" time="0.003"/>
  <testcase name="testJPAConsultaSeleccionarNombreAndEdad" classname="es.avalon.test.JPABasicoTest" time="1.067">
    <error type="java.lang.ExceptionInInitializerError">java.lang.ExceptionInInitializerError
	at es.avalon.test.JPABasicoTest.testJPAConsultaSeleccionarNombreAndEdad(JPABasicoTest.java:60)
Caused by: org.hibernate.service.spi.ServiceException: Unable to create requested service [org.hibernate.engine.jdbc.env.spi.JdbcEnvironment]
	at es.avalon.test.JPABasicoTest.testJPAConsultaSeleccionarNombreAndEdad(JPABasicoTest.java:60)
Caused by: org.hibernate.exception.JDBCConnectionException: Error calling Driver#connect
	at es.avalon.test.JPABasicoTest.testJPAConsultaSeleccionarNombreAndEdad(JPABasicoTest.java:60)
Caused by: com.mysql.cj.jdbc.exceptions.CommunicationsException: 
Communications link failure

The last packet sent successfully to the server was 0 milliseconds ago. The driver has not received any packets from the server.
	at es.avalon.test.JPABasicoTest.testJPAConsultaSeleccionarNombreAndEdad(JPABasicoTest.java:60)
Caused by: com.mysql.cj.exceptions.CJCommunicationsException: 
Communications link failure

The last packet sent successfully to the server was 0 milliseconds ago. The driver has not received any packets from the server.
	at es.avalon.test.JPABasicoTest.testJPAConsultaSeleccionarNombreAndEdad(JPABasicoTest.java:60)
Caused by: java.net.ConnectException: Connection refused
	at es.avalon.test.JPABasicoTest.testJPAConsultaSeleccionarNombreAndEdad(JPABasicoTest.java:60)
</error>
    <system-err><![CDATA[may 17, 2022 3:37:19 P. M. org.hibernate.jpa.boot.internal.PersistenceXmlParser parsePersistenceXml
WARN: HHH015018: Encountered multiple persistence-unit stanzas defining same name [UnidadCursos]; persistence-unit names must be unique
may 17, 2022 3:37:19 P. M. org.hibernate.jpa.internal.util.LogHelper logPersistenceUnitInformation
INFO: HHH000204: Processing PersistenceUnitInfo [name: UnidadCursos]
may 17, 2022 3:37:19 P. M. org.hibernate.Version logVersion
INFO: HHH000412: Hibernate ORM core version 5.6.8.Final
may 17, 2022 3:37:19 P. M. org.hibernate.annotations.common.reflection.java.JavaReflectionManager <clinit>
INFO: HCANN000001: Hibernate Commons Annotations {5.1.2.Final}
may 17, 2022 3:37:19 P. M. org.hibernate.engine.jdbc.connections.internal.DriverManagerConnectionProviderImpl configure
WARN: HHH10001002: Using Hibernate built-in connection pool (not for production use!)
may 17, 2022 3:37:19 P. M. org.hibernate.engine.jdbc.connections.internal.DriverManagerConnectionProviderImpl buildCreator
INFO: HHH10001005: using driver [com.mysql.cj.jdbc.Driver] at URL [jdbc:mysql://localhost:8889/cursos]
may 17, 2022 3:37:19 P. M. org.hibernate.engine.jdbc.connections.internal.DriverManagerConnectionProviderImpl buildCreator
INFO: HHH10001001: Connection properties: {password=****, user=root}
may 17, 2022 3:37:19 P. M. org.hibernate.engine.jdbc.connections.internal.DriverManagerConnectionProviderImpl buildCreator
INFO: HHH10001003: Autocommit mode: false
may 17, 2022 3:37:19 P. M. org.hibernate.engine.jdbc.connections.internal.DriverManagerConnectionProviderImpl$PooledConnections <init>
INFO: HHH000115: Hibernate connection pool size: 20 (min=1)
may 17, 2022 3:37:19 P. M. org.hibernate.engine.jdbc.env.internal.JdbcEnvironmentInitiator initiateService
WARN: HHH000342: Could not obtain connection to query metadata
java.lang.IllegalStateException: Cannot get a connection as the driver manager is not properly initialized
	at org.hibernate.engine.jdbc.connections.internal.DriverManagerConnectionProviderImpl.getConnection(DriverManagerConnectionProviderImpl.java:172)
	at org.hibernate.engine.jdbc.env.internal.JdbcEnvironmentInitiator$ConnectionProviderJdbcConnectionAccess.obtainConnection(JdbcEnvironmentInitiator.java:181)
	at org.hibernate.engine.jdbc.env.internal.JdbcEnvironmentInitiator.initiateService(JdbcEnvironmentInitiator.java:68)
	at org.hibernate.engine.jdbc.env.internal.JdbcEnvironmentInitiator.initiateService(JdbcEnvironmentInitiator.java:35)
	at org.hibernate.boot.registry.internal.StandardServiceRegistryImpl.initiateService(StandardServiceRegistryImpl.java:101)
	at org.hibernate.service.internal.AbstractServiceRegistryImpl.createService(AbstractServiceRegistryImpl.java:263)
	at org.hibernate.service.internal.AbstractServiceRegistryImpl.initializeService(AbstractServiceRegistryImpl.java:237)
	at org.hibernate.service.internal.AbstractServiceRegistryImpl.getService(AbstractServiceRegistryImpl.java:214)
	at org.hibernate.engine.jdbc.internal.JdbcServicesImpl.configure(JdbcServicesImpl.java:51)
	at org.hibernate.boot.registry.internal.StandardServiceRegistryImpl.configureService(StandardServiceRegistryImpl.java:107)
	at org.hibernate.service.internal.AbstractServiceRegistryImpl.initializeService(AbstractServiceRegistryImpl.java:246)
	at org.hibernate.service.internal.AbstractServiceRegistryImpl.getService(AbstractServiceRegistryImpl.java:214)
	at org.hibernate.engine.jdbc.connections.internal.BasicConnectionCreator.convertSqlException(BasicConnectionCreator.java:116)
	at org.hibernate.engine.jdbc.connections.internal.DriverConnectionCreator.makeConnection(DriverConnectionCreator.java:41)
	at org.hibernate.engine.jdbc.connections.internal.BasicConnectionCreator.createConnection(BasicConnectionCreator.java:58)
	at org.hibernate.engine.jdbc.connections.internal.DriverManagerConnectionProviderImpl$PooledConnections.addConnections(DriverManagerConnectionProviderImpl.java:409)
	at org.hibernate.engine.jdbc.connections.internal.DriverManagerConnectionProviderImpl$PooledConnections.<init>(DriverManagerConnectionProviderImpl.java:275)
	at org.hibernate.engine.jdbc.connections.internal.DriverManagerConnectionProviderImpl$PooledConnections.<init>(DriverManagerConnectionProviderImpl.java:249)
	at org.hibernate.engine.jdbc.connections.internal.DriverManagerConnectionProviderImpl$PooledConnections$Builder.build(DriverManagerConnectionProviderImpl.java:453)
	at org.hibernate.engine.jdbc.connections.internal.DriverManagerConnectionProviderImpl.buildPool(DriverManagerConnectionProviderImpl.java:98)
	at org.hibernate.engine.jdbc.connections.internal.DriverManagerConnectionProviderImpl.configure(DriverManagerConnectionProviderImpl.java:73)
	at org.hibernate.boot.registry.internal.StandardServiceRegistryImpl.configureService(StandardServiceRegistryImpl.java:107)
	at org.hibernate.service.internal.AbstractServiceRegistryImpl.initializeService(AbstractServiceRegistryImpl.java:246)
	at org.hibernate.service.internal.AbstractServiceRegistryImpl.getService(AbstractServiceRegistryImpl.java:214)
	at org.hibernate.engine.jdbc.env.internal.JdbcEnvironmentInitiator.buildJdbcConnectionAccess(JdbcEnvironmentInitiator.java:146)
	at org.hibernate.engine.jdbc.env.internal.JdbcEnvironmentInitiator.initiateService(JdbcEnvironmentInitiator.java:66)
	at org.hibernate.engine.jdbc.env.internal.JdbcEnvironmentInitiator.initiateService(JdbcEnvironmentInitiator.java:35)
	at org.hibernate.boot.registry.internal.StandardServiceRegistryImpl.initiateService(StandardServiceRegistryImpl.java:101)
	at org.hibernate.service.internal.AbstractServiceRegistryImpl.createService(AbstractServiceRegistryImpl.java:263)
	at org.hibernate.service.internal.AbstractServiceRegistryImpl.initializeService(AbstractServiceRegistryImpl.java:237)
	at org.hibernate.service.internal.AbstractServiceRegistryImpl.getService(AbstractServiceRegistryImpl.java:214)
	at org.hibernate.id.factory.internal.DefaultIdentifierGeneratorFactory.injectServices(DefaultIdentifierGeneratorFactory.java:175)
	at org.hibernate.service.internal.AbstractServiceRegistryImpl.injectDependencies(AbstractServiceRegistryImpl.java:286)
	at org.hibernate.service.internal.AbstractServiceRegistryImpl.initializeService(AbstractServiceRegistryImpl.java:243)
	at org.hibernate.service.internal.AbstractServiceRegistryImpl.getService(AbstractServiceRegistryImpl.java:214)
	at org.hibernate.boot.internal.InFlightMetadataCollectorImpl.<init>(InFlightMetadataCollectorImpl.java:173)
	at org.hibernate.boot.model.process.spi.MetadataBuildingProcess.complete(MetadataBuildingProcess.java:127)
	at org.hibernate.jpa.boot.internal.EntityManagerFactoryBuilderImpl.metadata(EntityManagerFactoryBuilderImpl.java:1460)
	at org.hibernate.jpa.boot.internal.EntityManagerFactoryBuilderImpl.build(EntityManagerFactoryBuilderImpl.java:1494)
	at org.hibernate.jpa.HibernatePersistenceProvider.createEntityManagerFactory(HibernatePersistenceProvider.java:56)
	at javax.persistence.Persistence.createEntityManagerFactory(Persistence.java:55)
	at javax.persistence.Persistence.createEntityManagerFactory(Persistence.java:39)
	at es.avalon.repository.helper.JPAHelper.<clinit>(JPAHelper.java:14)
	at es.avalon.test.JPABasicoTest.testJPAConsultaSeleccionarNombreAndEdad(JPABasicoTest.java:60)
	at java.base/jdk.internal.reflect.DirectMethodHandleAccessor.invoke(DirectMethodHandleAccessor.java:104)
	at java.base/java.lang.reflect.Method.invoke(Method.java:577)
	at org.junit.runners.model.FrameworkMethod$1.runReflectiveCall(FrameworkMethod.java:47)
	at org.junit.internal.runners.model.ReflectiveCallable.run(ReflectiveCallable.java:12)
	at org.junit.runners.model.FrameworkMethod.invokeExplosively(FrameworkMethod.java:44)
	at org.junit.internal.runners.statements.InvokeMethod.evaluate(InvokeMethod.java:17)
	at org.junit.runners.ParentRunner.runLeaf(ParentRunner.java:271)
	at org.junit.runners.BlockJUnit4ClassRunner.runChild(BlockJUnit4ClassRunner.java:70)
	at org.junit.runners.BlockJUnit4ClassRunner.runChild(BlockJUnit4ClassRunner.java:50)
	at org.junit.runners.ParentRunner$3.run(ParentRunner.java:238)
	at org.junit.runners.ParentRunner$1.schedule(ParentRunner.java:63)
	at org.junit.runners.ParentRunner.runChildren(ParentRunner.java:236)
	at org.junit.runners.ParentRunner.access$000(ParentRunner.java:53)
	at org.junit.runners.ParentRunner$2.evaluate(ParentRunner.java:229)
	at org.junit.runners.ParentRunner.run(ParentRunner.java:309)
	at org.apache.maven.surefire.junit4.JUnit4Provider.execute(JUnit4Provider.java:365)
	at org.apache.maven.surefire.junit4.JUnit4Provider.executeWithRerun(JUnit4Provider.java:273)
	at org.apache.maven.surefire.junit4.JUnit4Provider.executeTestSet(JUnit4Provider.java:238)
	at org.apache.maven.surefire.junit4.JUnit4Provider.invoke(JUnit4Provider.java:159)
	at org.apache.maven.surefire.booter.ForkedBooter.invokeProviderInSameClassLoader(ForkedBooter.java:384)
	at org.apache.maven.surefire.booter.ForkedBooter.runSuitesInProcess(ForkedBooter.java:345)
	at org.apache.maven.surefire.booter.ForkedBooter.execute(ForkedBooter.java:126)
	at org.apache.maven.surefire.booter.ForkedBooter.main(ForkedBooter.java:418)

may 17, 2022 3:37:19 P. M. org.hibernate.dialect.Dialect <init>
INFO: HHH000400: Using dialect: org.hibernate.dialect.MySQLDialect
may 17, 2022 3:37:19 P. M. org.hibernate.engine.jdbc.spi.SqlExceptionHelper logExceptions
WARN: SQL Error: 0, SQLState: 08S01
may 17, 2022 3:37:19 P. M. org.hibernate.engine.jdbc.spi.SqlExceptionHelper logExceptions
ERROR: Communications link failure

The last packet sent successfully to the server was 0 milliseconds ago. The driver has not received any packets from the server.
]]></system-err>
  </testcase>
  <testcase name="testPersona" classname="es.avalon.test.JPABasicoTest" time="0.001"/>
  <testcase name="testJPAConsultaSeleccionarNombre" classname="es.avalon.test.JPABasicoTest" time="0.001">
    <error message="Could not initialize class es.avalon.repository.helper.JPAHelper" type="java.lang.NoClassDefFoundError">java.lang.NoClassDefFoundError: Could not initialize class es.avalon.repository.helper.JPAHelper
	at es.avalon.test.JPABasicoTest.testJPAConsultaSeleccionarNombre(JPABasicoTest.java:45)
Caused by: java.lang.ExceptionInInitializerError: Exception org.hibernate.service.spi.ServiceException: Unable to create requested service [org.hibernate.engine.jdbc.env.spi.JdbcEnvironment] [in thread "main"]
	at es.avalon.test.JPABasicoTest.testJPAConsultaSeleccionarNombreAndEdad(JPABasicoTest.java:60)
</error>
  </testcase>
  <testcase name="testJPAEdadSumaPersona" classname="es.avalon.test.JPABasicoTest" time="0">
    <error message="Could not initialize class es.avalon.repository.helper.JPAHelper" type="java.lang.NoClassDefFoundError">java.lang.NoClassDefFoundError: Could not initialize class es.avalon.repository.helper.JPAHelper
	at es.avalon.test.JPABasicoTest.testJPAEdadSumaPersona(JPABasicoTest.java:117)
Caused by: java.lang.ExceptionInInitializerError: Exception org.hibernate.service.spi.ServiceException: Unable to create requested service [org.hibernate.engine.jdbc.env.spi.JdbcEnvironment] [in thread "main"]
	at es.avalon.test.JPABasicoTest.testJPAConsultaSeleccionarNombreAndEdad(JPABasicoTest.java:60)
</error>
  </testcase>
  <testcase name="testJPANombrePersonaMayusculas" classname="es.avalon.test.JPABasicoTest" time="0.001">
    <error message="Could not initialize class es.avalon.repository.helper.JPAHelper" type="java.lang.NoClassDefFoundError">java.lang.NoClassDefFoundError: Could not initialize class es.avalon.repository.helper.JPAHelper
	at es.avalon.test.JPABasicoTest.testJPANombrePersonaMayusculas(JPABasicoTest.java:104)
Caused by: java.lang.ExceptionInInitializerError: Exception org.hibernate.service.spi.ServiceException: Unable to create requested service [org.hibernate.engine.jdbc.env.spi.JdbcEnvironment] [in thread "main"]
	at es.avalon.test.JPABasicoTest.testJPAConsultaSeleccionarNombreAndEdad(JPABasicoTest.java:60)
</error>
  </testcase>
  <testcase name="testJPAEdadPersona" classname="es.avalon.test.JPABasicoTest" time="0">
    <error message="Could not initialize class es.avalon.repository.helper.JPAHelper" type="java.lang.NoClassDefFoundError">java.lang.NoClassDefFoundError: Could not initialize class es.avalon.repository.helper.JPAHelper
	at es.avalon.test.JPABasicoTest.testJPAEdadPersona(JPABasicoTest.java:91)
Caused by: java.lang.ExceptionInInitializerError: Exception org.hibernate.service.spi.ServiceException: Unable to create requested service [org.hibernate.engine.jdbc.env.spi.JdbcEnvironment] [in thread "main"]
	at es.avalon.test.JPABasicoTest.testJPAConsultaSeleccionarNombreAndEdad(JPABasicoTest.java:60)
</error>
  </testcase>
  <testcase name="testJPAConsultaRangoPersonas" classname="es.avalon.test.JPABasicoTest" time="0">
    <error message="Could not initialize class es.avalon.repository.helper.JPAHelper" type="java.lang.NoClassDefFoundError">java.lang.NoClassDefFoundError: Could not initialize class es.avalon.repository.helper.JPAHelper
	at es.avalon.test.JPABasicoTest.testJPAConsultaRangoPersonas(JPABasicoTest.java:77)
Caused by: java.lang.ExceptionInInitializerError: Exception org.hibernate.service.spi.ServiceException: Unable to create requested service [org.hibernate.engine.jdbc.env.spi.JdbcEnvironment] [in thread "main"]
	at es.avalon.test.JPABasicoTest.testJPAConsultaSeleccionarNombreAndEdad(JPABasicoTest.java:60)
</error>
  </testcase>
  <testcase name="testBuscarPersonaPorDNI" classname="es.avalon.test.JPABasicoTest" time="0.001">
    <error message="Could not initialize class es.avalon.repository.helper.JPAHelper" type="java.lang.NoClassDefFoundError">java.lang.NoClassDefFoundError: Could not initialize class es.avalon.repository.helper.JPAHelper
	at es.avalon.test.JPABasicoTest.testBuscarPersonaPorDNI(JPABasicoTest.java:33)
Caused by: java.lang.ExceptionInInitializerError: Exception org.hibernate.service.spi.ServiceException: Unable to create requested service [org.hibernate.engine.jdbc.env.spi.JdbcEnvironment] [in thread "main"]
	at es.avalon.test.JPABasicoTest.testJPAConsultaSeleccionarNombreAndEdad(JPABasicoTest.java:60)
</error>
  </testcase>
</testsuite>