<?xml version="1.0" encoding="UTF-8"?>
<testsuite xmlns:xsi="http://www.w3.org/2001/XMLSchema-instance" xsi:noNamespaceSchemaLocation="https://maven.apache.org/surefire/maven-surefire-plugin/xsd/surefire-test-report.xsd" name="es.avalon.test.JPABasicoTest" time="2.429" tests="9" errors="0" skipped="0" failures="0">
  <properties>
[...]
</properties>
  <testcase name="testJPAORdenadoPorEdad" classname="es.avalon.test.JPABasicoTest" time="0.004"/>
  <testcase name="testJPAConsultaSeleccionarNombreAndEdad" classname="es.avalon.test.JPABasicoTest" time="2.301"/>
  <testcase name="testPersona" classname="es.avalon.test.JPABasicoTest" time="0"/>
  <testcase name="testJPAConsultaSeleccionarNombre" classname="es.avalon.test.JPABasicoTest" time="0.01"/>
  <testcase name="testJPAEdadSumaPersona" classname="es.avalon.test.JPABasicoTest" time="0.01"/>
  <testcase name="testJPANombrePersonaMayusculas" classname="es.avalon.test.JPABasicoTest" time="0.022"/>
  <testcase name="testJPAEdadPersona" classname="es.avalon.test.JPABasicoTest" time="0.009"/>
  <testcase name="testJPAConsultaRangoPersonas" classname="es.avalon.test.JPABasicoTest" time="0.028"/>
  <testcase name="testBuscarPersonaPorDNI" classname="es.avalon.test.JPABasicoTest" time="0.013"/>
</testsuite>